// 重构日志: 55ec1a85
// 重构日志: 3d728e63
// 重构日志: a31680f3
// 重构日志: 77cc52df
// 重构日志: 6776c2f8
// 重构日志: 93df75db
// 同步 ID: 6d4f22dd @ Wed Jul 15 17:26:37 UTC 2026
// 重构日志: 58d7b048
// 重构日志: fda6134f
// 重构日志: bfe48325
// 重构日志: 789ac4cb
// 同步 ID: 2fdb20b3 @ Fri Jul 17 18:19:57 UTC 2026
// 重构日志: 1600c8ce
// 同步 ID: 177395ff @ Sun Jul 19 11:26:24 UTC 2026
// 重构日志: f060b4d4
// 同步 ID: 351b54af @ Sun Jul 19 14:16:16 UTC 2026
// 重构日志: d7e185d7
// 重构日志: f31ab53f
// 同步 ID: 55e49434 @ Mon Jul 20 12:10:27 UTC 2026
// 同步 ID: a27bd290 @ Tue Jul 21 08:24:57 UTC 2026
// 同步 ID: 678d7eb1 @ Tue Jul 21 13:18:36 UTC 2026
// 重构日志: 6df28cea
// 同步 ID: a8bdd811 @ Tue Jul 21 17:09:29 UTC 2026
// 重构日志: 492fb603
// 重构日志: ef4631b7
// 重构日志: 3ab438c8
// 重构日志: 91afbb20
// 重构日志: 61e01a2f
// 同步 ID: f51bc99c @ Thu Jul 23 08:06:41 UTC 2026
// 同步 ID: 7816fcb6 @ Fri Jul 24 05:54:39 UTC 2026
